Unity Editor version:    2020.3.27f1 (e759542391ea)
Branch:                  2020.3/release
Build type:              Release
Batch mode:              YES
macOS version:           Version 10.13.6 (Build 17G14042)
Darwin version:          17.7.0
Architecture:            x86_64
Running under Rosetta:   NO
Available memory:        8192 MB
Using pre-set license
Pro License: NO

COMMAND LINE ARGUMENTS:
/Applications/Unity/Unity.app/Contents/MacOS/Unity
-adb2
-batchMode
-noUpm
-name
AssetImportWorker0
-projectPath
/Users/mac/Desktop/Create with Code /Projects/Platformer 2d
-logFile
Logs/AssetImportWorker0.log
-srvPort
60485
Successfully changed project path to: /Users/mac/Desktop/Create with Code /Projects/Platformer 2d
/Users/mac/Desktop/Create with Code /Projects/Platformer 2d
Using Asset Import Pipeline V2.
Refreshing native plugins compatible for Editor in 108.27 ms, found 3 plugins.
Preloading 0 native plugins for Editor in 0.00 ms.
Initialize engine version: 2020.3.27f1 (e759542391ea)
[Subsystems] Discovering subsystems at path /Applications/Unity/Unity.app/Contents/Resources/UnitySubsystems
[Subsystems] Discovering subsystems at path /Users/mac/Desktop/Create with Code /Projects/Platformer 2d/Assets
GfxDevice: creating device client; threaded=0
2023-11-24 16:38:36.735 Unity[28975:1284233] Color LCD preferred device: Intel(R) Iris(TM) Graphics 6000 (low power)
2023-11-24 16:38:36.735 Unity[28975:1284233] Metal devices available: 1
2023-11-24 16:38:36.735 Unity[28975:1284233] 0: Intel(R) Iris(TM) Graphics 6000 (low power)
2023-11-24 16:38:36.736 Unity[28975:1284233] Using device Intel(R) Iris(TM) Graphics 6000 (low power)
Initializing Metal device caps: Intel(R) Iris(TM) Graphics 6000
Initialize mono
Mono path[0] = '/Applications/Unity/Unity.app/Contents/Managed'
Mono path[1] = '/Applications/Unity/Unity.app/Contents/MonoBleedingEdge/lib/mono/unityjit'
Mono config path = '/Applications/Unity/Unity.app/Contents/MonoBleedingEdge/etc'
Using monoOptions --debugger-agent=transport=dt_socket,embedding=1,server=y,suspend=n,address=127.0.0.1:56975
Begin MonoManager ReloadAssembly
Registering precompiled unity dll's ...
Register platform support module: /Applications/Unity/Unity.app/Contents/PlaybackEngines/MacStandaloneSupport/UnityEditor.OSXStandalone.Extensions.dll
Registered in 0.002688 seconds.
Native extension for OSXStandalone target not found
Refreshing native plugins compatible for Editor in 97.06 ms, found 3 plugins.
Preloading 0 native plugins for Editor in 0.00 ms.
Mono: successfully reloaded assembly
- Completed reload, in  1.293 seconds
Domain Reload Profiling:
	ReloadAssembly (1294ms)
		BeginReloadAssembly (205ms)
			ExecutionOrderSort (0ms)
			DisableScriptedObjects (0ms)
			BackupInstance (0ms)
			ReleaseScriptingObjects (0ms)
			CreateAndSetChildDomain (2ms)
		EndReloadAssembly (943ms)
			LoadAssemblies (210ms)
			RebuildTransferFunctionScriptingTraits (0ms)
			SetupTypeCache (316ms)
			ReleaseScriptCaches (0ms)
			RebuildScriptCaches (66ms)
			SetupLoadedEditorAssemblies (409ms)
				LogAssemblyErrors (0ms)
				InitializePlatformSupportModulesInManaged (7ms)
				SetLoadedEditorAssemblies (0ms)
				RefreshPlugins (97ms)
				BeforeProcessingInitializeOnLoad (26ms)
				ProcessInitializeOnLoadAttributes (220ms)
				ProcessInitializeOnLoadMethodAttributes (58ms)
				AfterProcessingInitializeOnLoad (0ms)
				EditorAssembliesLoaded (0ms)
			ExecutionOrderSort2 (0ms)
			AwakeInstancesAfterBackupRestoration (0ms)
Platform modules already initialized, skipping
Registering precompiled user dll's ...
Registered in 0.018832 seconds.
Begin MonoManager ReloadAssembly
Native extension for OSXStandalone target not found
Refreshing native plugins compatible for Editor in 89.98 ms, found 3 plugins.
Preloading 0 native plugins for Editor in 0.00 ms.
Mono: successfully reloaded assembly
- Completed reload, in  2.089 seconds
Domain Reload Profiling:
	ReloadAssembly (2091ms)
		BeginReloadAssembly (245ms)
			ExecutionOrderSort (0ms)
			DisableScriptedObjects (8ms)
			BackupInstance (0ms)
			ReleaseScriptingObjects (0ms)
			CreateAndSetChildDomain (48ms)
		EndReloadAssembly (1747ms)
			LoadAssemblies (217ms)
			RebuildTransferFunctionScriptingTraits (0ms)
			SetupTypeCache (561ms)
			ReleaseScriptCaches (1ms)
			RebuildScriptCaches (101ms)
			SetupLoadedEditorAssemblies (654ms)
				LogAssemblyErrors (0ms)
				InitializePlatformSupportModulesInManaged (6ms)
				SetLoadedEditorAssemblies (0ms)
				RefreshPlugins (90ms)
				BeforeProcessingInitializeOnLoad (124ms)
				ProcessInitializeOnLoadAttributes (399ms)
				ProcessInitializeOnLoadMethodAttributes (34ms)
				AfterProcessingInitializeOnLoad (2ms)
				EditorAssembliesLoaded (0ms)
			ExecutionOrderSort2 (0ms)
			AwakeInstancesAfterBackupRestoration (11ms)
Platform modules already initialized, skipping
Validating Project structure ... 0.025104 seconds.
Shader import version has changed; will reimport all shaders...
Upgrading shader files ...0.077388 seconds.
Application.AssetDatabase Initial Script Refresh Start
RefreshInfo: InitialScriptRefreshV2(NoUpdateAssetOptions) scanfilter:  ... 1 filters
RefreshProfiler: Total: 0.000ms
Application.AssetDatabase Initial Script Refresh End
Application.AssetDatabase.Refresh Start
Application.AssetDatabase.Refresh End
RefreshInfo: StopAssetImportingV2(ForceSynchronousImport) scanfilter: 
RefreshProfiler: Total: 0.000ms
Launching external process: /Applications/Unity/Unity.app/Contents/Tools/UnityShaderCompiler
Launched and connected shader compiler UnityShaderCompiler after 0.03 seconds
Initializing Unity extensions:
[C# Project] Writing /Users/mac/Desktop/Create with Code /Projects/Platformer 2d/Platformer 2d.sln because it has changed
[C# Project] First difference on line 4

[C# Project] Current /Users/mac/Desktop/Create with Code /Projects/Platformer 2d/Platformer 2d.sln:
[C# Project]   004: Project("{FAE04EC0-301F-11D3-BF4B-00C04F79EFBC}") = "Assembly-CSharp", "Assembly-CSharp.csproj", "{16D0B993-2DEF-AF60-B932-90C1D95B5D33}"
[C# Project]   005: EndProject
[C# Project]   006: Global
[C# Project]   007: 	GlobalSection(SolutionConfigurationPlatforms) = preSolution
[C# Project]   008: 		Debug|Any CPU = Debug|Any CPU

[C# Project] New /Users/mac/Desktop/Create with Code /Projects/Platformer 2d/Platformer 2d.sln:
[C# Project]   004: Project("{FAE04EC0-301F-11D3-BF4B-00C04F79EFBC}") = "Unity.2D.PixelPerfect.Tests", "Unity.2D.PixelPerfect.Tests.csproj", "{3D7BA9B2-1A76-352B-A601-0467B98CB6C2}"
[C# Project]   005: EndProject
[C# Project]   006: Project("{FAE04EC0-301F-11D3-BF4B-00C04F79EFBC}") = "UnityEngine.TestRunner", "UnityEngine.TestRunner.csproj", "{5A22A3BD-DA78-CF4E-711A-D276DBF0FCCF}"
[C# Project]   007: EndProject
[C# Project]   008: Project("{FAE04EC0-301F-11D3-BF4B-00C04F79EFBC}") = "Unity.Mathematics", "Unity.Mathematics.csproj", "{AD3298DE-C956-5331-A7B4-671C16EBC3F9}"
[C# Project] Writing /Users/mac/Desktop/Create with Code /Projects/Platformer 2d/Assembly-CSharp.csproj because it has changed
[C# Project] First difference on line 649

[C# Project] Current /Users/mac/Desktop/Create with Code /Projects/Platformer 2d/Assembly-CSharp.csproj:
[C# Project]   649:  <Reference Include="Unity.2D.Animation.Editor">
[C# Project]   650:  <HintPath>/Users/mac/Desktop/Create with Code /Projects/Platformer 2d/Library/ScriptAssemblies/Unity.2D.Animation.Editor.dll</HintPath>
[C# Project]   651:  </Reference>
[C# Project]   652:  <Reference Include="Unity.InternalAPIEngineBridge.001">
[C# Project]   653:  <HintPath>/Users/mac/Desktop/Create with Code /Projects/Platformer 2d/Library/ScriptAssemblies/Unity.InternalAPIEngineBridge.001.dll</HintPath>

[C# Project] New /Users/mac/Desktop/Create with Code /Projects/Platformer 2d/Assembly-CSharp.csproj:
[C# Project]   649:   </ItemGroup>
[C# Project]   650:   <ItemGroup>
[C# Project]   651:     <ProjectReference Include="Unity.2D.Animation.Editor.csproj">
[C# Project]   652:       <Project>{53A6C872-1D58-200E-AB24-526E6AE96706}</Project>
[C# Project]   653:       <Name>Unity.2D.Animation.Editor</Name>
========================================================================
Worker process is ready to serve import requests
Refreshing native plugins compatible for Editor in 0.81 ms, found 3 plugins.
Preloading 0 native plugins for Editor in 0.00 ms.
Unloading 2218 Unused Serialized files (Serialized files now loaded: 0)
System memory in use before: 218.4 MB.
System memory in use after: 217.7 MB.

Unloading 108 unused Assets to reduce memory usage. Loaded Objects now: 2691.
Total: 5.856803 ms (FindLiveObjects: 0.337153 ms CreateObjectMapping: 0.166900 ms MarkObjects: 4.638649 ms  DeleteObjects: 0.711575 ms)

AssetImportParameters requested are different than current active one (requested -> active):
  custom:video-decoder-ogg-theora: a1e56fd34408186e4bbccfd4996cb3dc -> 
  custom:container-muxer-webm: aa71ff27fc2769a1b78a27578f13a17b -> 
  custom:container-demuxer-webm: 4f35f7cbe854078d1ac9338744f61a02 -> 
  custom:container-demuxer-ogg: 62fdf1f143b41e24485cea50d1cbac27 -> 
  custom:video-encoder-webm-vp8: eb34c28f22e8b96e1ab97ce403110664 -> 
  custom:framework-osx-AVFoundation: b23960f63f64bdc6ff669e2cdcee2391 -> 
  custom:video-decoder-webm-vp8: 9c59270c3fd7afecdb556c50c9e8de78 -> 
  custom:audio-decoder-ogg-vorbis: bf7c407c2cedff20999df2af8eb42d56 -> 
  custom:audio-encoder-webm-vorbis: bf7c407c2cedff20999df2af8eb42d56 -> 
========================================================================
Received Import Request.
  path: Assets/Scripts/CameraController.cs
  artifactKey: Guid(7e2231c2c77a84e42994220d63e0fbf6) Importer(815301076,1909f56bfc062723c751e8b465ee728b)
Start importing Assets/Scripts/CameraController.cs using Guid(7e2231c2c77a84e42994220d63e0fbf6) Importer(815301076,1909f56bfc062723c751e8b465ee728b)  -> (artifact id: '24a4a7f2589d58fbbc7e0d520c8ec847') in 0.058937 seconds 
  Import took 0.069188 seconds .

========================================================================
Received Import Request.
  Time since last request: 0.000328 seconds.
  path: Assets/Scripts/ChestController.cs
  artifactKey: Guid(4ab16bbcd9e6545e98a9338fbd095a67) Importer(815301076,1909f56bfc062723c751e8b465ee728b)
Start importing Assets/Scripts/ChestController.cs using Guid(4ab16bbcd9e6545e98a9338fbd095a67) Importer(815301076,1909f56bfc062723c751e8b465ee728b)  -> (artifact id: '6d2a092614df59eabbfe19f716e65ccf') in 0.010289 seconds 
  Import took 0.017474 seconds .

========================================================================
Received Import Request.
  Time since last request: 17.315388 seconds.
  path: Assets/Scripts/PlayerController.cs
  artifactKey: Guid(7cfdfa9c6f02340d39ee546a9055fac4) Importer(815301076,1909f56bfc062723c751e8b465ee728b)
Start importing Assets/Scripts/PlayerController.cs using Guid(7cfdfa9c6f02340d39ee546a9055fac4) Importer(815301076,1909f56bfc062723c751e8b465ee728b)  -> (artifact id: '2fd85def9dbdb6044dcfa56fa91d0273') in 0.008317 seconds 
  Import took 0.014298 seconds .

